DEBUG:botocore.hooks:Changing event name from creating-client-class.iot-data to creating-client-class.iot-data-plane
DEBUG:botocore.hooks:Changing event name from before-call.apigateway to before-call.api-gateway
DEBUG:botocore.hooks:Changing event name from request-created.machinelearning.Predict to request-created.machine-learning.Predict
DEBUG:botocore.hooks:Changing event name from before-parameter-build.autoscaling.CreateLaunchConfiguration to before-parameter-build.auto-scaling.CreateLaunchConfiguration
DEBUG:botocore.hooks:Changing event name from before-parameter-build.route53 to before-parameter-build.route-53
DEBUG:botocore.hooks:Changing event name from request-created.cloudsearchdomain.Search to request-created.cloudsearch-domain.Search
DEBUG:botocore.hooks:Changing event name from docs.*.autoscaling.CreateLaunchConfiguration.complete-section to docs.*.auto-scaling.CreateLaunchConfiguration.complete-section
DEBUG:botocore.hooks:Changing event name from before-parameter-build.logs.CreateExportTask to before-parameter-build.cloudwatch-logs.CreateExportTask
DEBUG:botocore.hooks:Changing event name from docs.*.logs.CreateExportTask.complete-section to docs.*.cloudwatch-logs.CreateExportTask.complete-section
DEBUG:botocore.hooks:Changing event name from before-parameter-build.cloudsearchdomain.Search to before-parameter-build.cloudsearch-domain.Search
DEBUG:botocore.hooks:Changing event name from docs.*.cloudsearchdomain.Search.complete-section to docs.*.cloudsearch-domain.Search.complete-section
DEBUG:botocore.utils:IMDS ENDPOINT: http://169.254.169.254/
DEBUG:botocore.credentials:Looking for credentials via: env
DEBUG:botocore.credentials:Looking for credentials via: assume-role
DEBUG:botocore.credentials:Looking for credentials via: assume-role-with-web-identity
DEBUG:botocore.credentials:Looking for credentials via: sso
DEBUG:botocore.credentials:Looking for credentials via: shared-credentials-file
DEBUG:botocore.credentials:Looking for credentials via: custom-process
DEBUG:botocore.credentials:Looking for credentials via: config-file
DEBUG:botocore.credentials:Looking for credentials via: ec2-credentials-file
DEBUG:botocore.credentials:Looking for credentials via: boto-config
DEBUG:botocore.credentials:Looking for credentials via: container-role
DEBUG:botocore.credentials:Looking for credentials via: iam-role
DEBUG:urllib3.connectionpool:Starting new HTTP connection (1): 169.254.169.254:80
DEBUG:urllib3.connectionpool:http://169.254.169.254:80 "PUT /latest/api/token HTTP/1.1" 200 56
DEBUG:urllib3.connectionpool:Resetting dropped connection: 169.254.169.254
DEBUG:urllib3.connectionpool:http://169.254.169.254:80 "GET /latest/meta-data/iam/security-credentials/ HTTP/1.1" 200 9
DEBUG:urllib3.connectionpool:Resetting dropped connection: 169.254.169.254
DEBUG:urllib3.connectionpool:http://169.254.169.254:80 "GET /latest/meta-data/iam/security-credentials/EC2-Admin HTTP/1.1" 200 1594
INFO:botocore.credentials:Found credentials from IAM Role: EC2-Admin
DEBUG:botocore.loaders:Loading JSON file: /home/ec2-user/horizon-prod-001/horizon/horizon_api/venv/lib64/python3.9/site-packages/botocore/data/endpoints.json
DEBUG:botocore.loaders:Loading JSON file: /home/ec2-user/horizon-prod-001/horizon/horizon_api/venv/lib64/python3.9/site-packages/botocore/data/sdk-default-configuration.json
DEBUG:botocore.hooks:Event choose-service-name: calling handler <function handle_service_name_alias at 0x7f2ad8fc2430>
DEBUG:botocore.loaders:Loading JSON file: /home/ec2-user/horizon-prod-001/horizon/horizon_api/venv/lib64/python3.9/site-packages/botocore/data/cognito-idp/2016-04-18/service-2.json
DEBUG:botocore.loaders:Loading JSON file: /home/ec2-user/horizon-prod-001/horizon/horizon_api/venv/lib64/python3.9/site-packages/botocore/data/cognito-idp/2016-04-18/endpoint-rule-set-1.json.gz
DEBUG:botocore.loaders:Loading JSON file: /home/ec2-user/horizon-prod-001/horizon/horizon_api/venv/lib64/python3.9/site-packages/botocore/data/partitions.json
DEBUG:botocore.hooks:Event creating-client-class.cognito-identity-provider: calling handler <function add_generate_presigned_url at 0x7f2ad903f4c0>
DEBUG:botocore.endpoint:Setting cognito-idp timeout as (60, 60)
DEBUG:botocore.loaders:Loading JSON file: /home/ec2-user/horizon-prod-001/horizon/horizon_api/venv/lib64/python3.9/site-packages/botocore/data/_retry.json
DEBUG:botocore.client:Registering retry handlers for service: cognito-idp
DEBUG:botocore.hooks:Event choose-service-name: calling handler <function handle_service_name_alias at 0x7f2ad8fc2430>
DEBUG:botocore.loaders:Loading JSON file: /home/ec2-user/horizon-prod-001/horizon/horizon_api/venv/lib64/python3.9/site-packages/botocore/data/sesv2/2019-09-27/service-2.json
DEBUG:botocore.loaders:Loading JSON file: /home/ec2-user/horizon-prod-001/horizon/horizon_api/venv/lib64/python3.9/site-packages/botocore/data/sesv2/2019-09-27/endpoint-rule-set-1.json.gz
DEBUG:botocore.hooks:Event creating-client-class.sesv2: calling handler <function add_generate_presigned_url at 0x7f2ad903f4c0>
DEBUG:botocore.endpoint:Setting email timeout as (60, 60)
DEBUG:botocore.client:Registering retry handlers for service: sesv2
 
 -------------- celery@ip-172-31-6-110.us-west-2.compute.internal v5.2.7 (dawn-chorus)
--- ***** ----- 
-- ******* ---- Linux-6.1.23-36.46.amzn2023.x86_64-x86_64-with-glibc2.34 2023-05-05 03:35:34
- *** --- * --- 
- ** ---------- [config]
- ** ---------- .> app:         app:0x7f2aece79e20
- ** ---------- .> transport:   sqs://AKIAXSL7WXQZYE7BB7IO:**@localhost//
- ** ---------- .> results:     disabled://
- *** --- * --- .> concurrency: 20 (gevent)
-- ******* ---- .> task events: OFF (enable -E to monitor tasks in this worker)
--- ***** ----- 
 -------------- [queues]
                .> celery           exchange=celery(direct) key=celery
                

[tasks]
  . app.routes.tasks.process_generate_prompt_model_configuration

[2023-05-05 03:35:34,799: INFO/MainProcess] Connected to sqs://AKIAXSL7WXQZYE7BB7IO:**@localhost//
[2023-05-05 03:35:34,904: INFO/MainProcess] celery@ip-172-31-6-110.us-west-2.compute.internal ready.
[2023-05-05 03:35:34,943: INFO/MainProcess] Task app.routes.tasks.process_generate_prompt_model_configuration[1e8ea646-0e5f-4572-b6f7-3b276ca9a3ee] received
[2023-05-05 03:35:35,039: INFO/MainProcess] Task app.routes.tasks.process_generate_prompt_model_configuration[88affe4b-5a95-4196-bc27-f13964b51003] received
[2023-05-05 03:35:35,039: INFO/MainProcess] Task app.routes.tasks.process_generate_prompt_model_configuration[28bfa11a-1942-43a5-b42d-ea2bd9e1e552] received
[2023-05-05 03:35:36,259: WARNING/MainProcess] Beginning stage 1
[2023-05-05 03:35:36,297: WARNING/MainProcess] Beginning stage 1
[2023-05-05 03:35:36,395: WARNING/MainProcess] Beginning stage 1
[2023-05-05 03:36:02,370: WARNING/MainProcess] finished prompt_generation_user_objective
[2023-05-05 03:36:03,166: WARNING/MainProcess] finished prompt_generation_user_objective
[2023-05-05 03:36:11,940: WARNING/MainProcess] finished prompt_generation_user_objective
[2023-05-05 03:36:45,269: WARNING/MainProcess] finished prompt_generation_pattern_role_play
[2023-05-05 03:36:46,322: WARNING/MainProcess] finished prompt_generation_pattern_role_play
[2023-05-05 03:36:57,849: INFO/MainProcess] Task app.routes.tasks.process_generate_prompt_model_configuration[20daca38-9023-4e91-aa44-3bfa247b2144] received
[2023-05-05 03:36:58,779: WARNING/MainProcess] finished prompt_generation_pattern_role_play
[2023-05-05 03:36:58,967: WARNING/MainProcess] Beginning stage 1
[2023-05-05 03:37:05,548: WARNING/MainProcess] finished prompt_generation_user_objective_training_data
[2023-05-05 03:37:16,601: WARNING/MainProcess] finished prompt_generation_user_objective_training_data
[2023-05-05 03:37:26,249: WARNING/MainProcess] finished prompt_generation_user_objective_training_data
[2023-05-05 03:37:27,698: WARNING/MainProcess] finished prompt_generation_user_objective
[2023-05-05 03:37:54,567: WARNING/MainProcess] finished prompt_generation_pattern_role_play
[2023-05-05 03:38:14,544: WARNING/MainProcess] finished prompt_generation_user_objective_training_data

worker: Warm shutdown (MainProcess)
